<?xml version="1.0" encoding="UTF-8"?>
<testng-results ignored="0" total="1" passed="1" failed="0" skipped="0">
  <reporter-output>
  </reporter-output>
  <suite started-at="2026-02-16T16:59:40 IST" name="Default suite" finished-at="2026-02-16T17:00:09 IST" duration-ms="29044">
    <groups>
    </groups>
    <test started-at="2026-02-16T16:59:40 IST" name="Default test" finished-at="2026-02-16T17:00:09 IST" duration-ms="29044">
      <class name="practice.testNG.SampleTestForScreenShot">
        <test-method signature="amazonTest()[pri:0, instance:practice.testNG.SampleTestForScreenShot@702657cc]" started-at="2026-02-16T16:59:40 IST" name="amazonTest" finished-at="2026-02-16T17:00:09 IST" duration-ms="28896" status="PASS">
          <reporter-output>
          </reporter-output>
        </test-method> <!-- amazonTest -->
      </class> <!-- practice.testNG.SampleTestForScreenShot -->
    </test> <!-- Default test -->
  </suite> <!-- Default suite -->
</testng-results>
