<?xml version="1.0" encoding="UTF-8"?>
<!-- Generated by org.testng.reporters.JUnitReportReporter -->
<testsuite hostname="DESKTOP-BE5AN9G" failures="0" tests="3" name="practice.testNG.CreateContact_DatProvider_Test" time="0.073" errors="0" timestamp="2026-02-12T17:08:33 IST" skipped="0">
  <testcase classname="practice.testNG.CreateContact_DatProvider_Test" name="createContactTest" time="0.006"/>
  <system-out/>
  <testcase classname="practice.testNG.CreateContact_DatProvider_Test" name="createContactTest" time="0.011"/>
  <system-out/>
  <testcase classname="practice.testNG.CreateContact_DatProvider_Test" name="createContactTest" time="0.056"/>
  <system-out/>
</testsuite> <!-- practice.testNG.CreateContact_DatProvider_Test -->
