<?xml version="1.0" encoding="UTF-8"?>
<!-- Generated by org.testng.reporters.JUnitReportReporter -->
<testsuite hostname="DESKTOP-BE5AN9G" failures="0" tests="2" name="com.pac1.CreateContactTest" time="0.089" errors="0" timestamp="2026-02-14T10:53:17 IST" skipped="0">
  <testcase classname="com.pac1.CreateContactTest" name="createContact" time="0.072"/>
  <system-out/>
  <testcase classname="com.pac1.CreateContactTest" name="createContactWithSupportDate" time="0.017"/>
  <system-out/>
</testsuite> <!-- com.pac1.CreateContactTest -->
