<?xml version="1.0" encoding="UTF-8"?>
<!-- Generated by org.testng.reporters.JUnitReportReporter -->
<testsuite hostname="DESKTOP-BE5AN9G" failures="0" tests="2" name="practice.hometest.HomePageSaampleTest" time="0.108" errors="0" timestamp="2026-02-16T16:17:19 IST" skipped="0">
  <testcase classname="practice.hometest.HomePageSaampleTest" name="verifyLogoHomePageTest" time="0.008"/>
  <system-out>
    <![CDATA[verifyLogoHomePageTest Test Start
step-1
step-2
step-3
step-4
verifyLogoHomePageTest Test End]]>
  </system-out>
  <testcase classname="practice.hometest.HomePageSaampleTest" name="homePageTest" time="0.100"/>
  <system-out>
    <![CDATA[homePageTest Test Start
step-1
step-2
step-3
step-4
homePageTest Test End]]>
  </system-out>
</testsuite> <!-- practice.hometest.HomePageSaampleTest -->
