<?xml version="1.0" encoding="UTF-8"?>
<!-- Generated by org.testng.reporters.JUnitReportReporter -->
<testsuite hostname="DESKTOP-BE5AN9G" failures="0" tests="2" name="com.crm.comcast.contacttest.CreateContactTest" time="0.195" errors="0" timestamp="2026-02-14T12:23:26 IST" skipped="0">
  <testcase classname="com.crm.comcast.contacttest.CreateContactTest" name="createContactWithDate" time="0.030"/>
  <system-out/>
  <testcase classname="com.crm.comcast.contacttest.CreateContactTest" name="createContact" time="0.165"/>
  <system-out/>
</testsuite> <!-- com.crm.comcast.contacttest.CreateContactTest -->
