<?xml version="1.0" encoding="UTF-8"?>
<!-- Generated by org.testng.reporters.JUnitReportReporter -->
<testsuite hostname="DESKTOP-BE5AN9G" failures="0" tests="2" name="practice.testNG.SampleTest" time="0.058" errors="0" timestamp="2026-02-12T13:31:13 IST" skipped="0">
  <testcase classname="practice.testNG.SampleTest" name="createContactTest" time="0.048"/>
  <system-out/>
  <testcase classname="practice.testNG.SampleTest" name="createContactWithMobileNumTest" time="0.010"/>
  <system-out/>
</testsuite> <!-- practice.testNG.SampleTest -->
