<?xml version="1.0" encoding="UTF-8"?>
<!-- Generated by org.testng.reporters.JUnitReportReporter -->
<testsuite hostname="DESKTOP-BE5AN9G" failures="0" tests="3" name="practice.testNG.CreateContactTest" time="0.074" errors="0" timestamp="2026-02-12T13:28:27 IST" skipped="0">
  <testcase classname="practice.testNG.CreateContactTest" name="navigateToContactTest" time="0.020"/>
  <system-out/>
  <testcase classname="practice.testNG.CreateContactTest" name="createContactTest" time="0.047"/>
  <system-out/>
  <testcase classname="practice.testNG.CreateContactTest" name="login" time="0.007"/>
  <system-out/>
</testsuite> <!-- practice.testNG.CreateContactTest -->
