<?xml version="1.0" encoding="UTF-8"?>
<!-- Generated by org.testng.reporters.JUnitReportReporter -->
<testsuite hostname="DESKTOP-BE5AN9G" failures="0" tests="11" name="practice.testNG.OrderTest" time="0.146" errors="0" timestamp="2026-02-12T15:49:27 IST" skipped="1">
  <testcase classname="practice.testNG.OrderTest" name="createOrderTest" time="0.045"/>
  <system-out/>
  <testcase classname="practice.testNG.OrderTest" name="createOrderTest" time="0.009"/>
  <system-out/>
  <testcase classname="practice.testNG.OrderTest" name="createOrderTest" time="0.009"/>
  <system-out/>
  <testcase classname="practice.testNG.OrderTest" name="createOrderTest" time="0.017"/>
  <system-out/>
  <testcase classname="practice.testNG.OrderTest" name="createOrderTest" time="0.007"/>
  <system-out/>
  <testcase classname="practice.testNG.OrderTest" name="createOrderTest" time="0.004"/>
  <system-out/>
  <testcase classname="practice.testNG.OrderTest" name="createOrderTest" time="0.008"/>
  <system-out/>
  <testcase classname="practice.testNG.OrderTest" name="createOrderTest" time="0.021"/>
  <system-out/>
  <testcase classname="practice.testNG.OrderTest" name="createOrderTest" time="0.011"/>
  <system-out/>
  <testcase classname="practice.testNG.OrderTest" name="createOrderTest" time="0.015"/>
  <system-out/>
  <testcase classname="practice.testNG.OrderTest" name="billingAnOrder">
    <skipped/>
  </testcase> <!-- billingAnOrder -->
  <system-out/>
</testsuite> <!-- practice.testNG.OrderTest -->
